<?xml version="1.0" encoding="UTF-8"?>
<!-- Generated by org.testng.reporters.JUnitXMLReporter -->
<testsuite ignored="0" hostname="Dipalis-MacBook-Air.local" failures="0" tests="6" name="OpenCart Tests" time="55.557" errors="0" timestamp="2022-06-07T19:19:31 EDT">
  <testcase classname="Testcase.TC_001_LoginPage" name="test_Login" time="1.637"/>
  <testcase classname="Testcase.TC_001_LoginPage" name="test_Login_Requirefield" time="2.494"/>
  <testcase classname="Testcase.TC_001_LoginPage" name="test_Login_Wrong_Input" time="2.442"/>
  <testcase classname="Testcase.TC_002_ShoppingCart" name="test_AddItem" time="12.489"/>
  <testcase classname="Testcase.TC_003_DecendingAndAssendingOrder" name="test_Filter" time="17.829"/>
  <testcase classname="Testcase.TC_004_ChangeStatusCart" name="test_ChangeStatusOfItem" time="1.536"/>
</testsuite> <!-- OpenCart Tests -->
